<?xml version="1.0" encoding="UTF-8"?>
<!-- Generated by org.testng.reporters.JUnitReportReporter -->
<testsuite skipped="0" hostname="MacBook-Pro.attlocal.net" name="org.rahulshettyacademy.eCommerce_tc_4_Hybrid" tests="2" failures="0" timestamp="06 Jul 2022 13:06:38 GMT" time="25.836" errors="0">
  <testcase name="FillForm" time="12.384" classname="org.rahulshettyacademy.eCommerce_tc_4_Hybrid"/>
  <testcase name="FillForm" time="13.452" classname="org.rahulshettyacademy.eCommerce_tc_4_Hybrid"/>
</testsuite> <!-- org.rahulshettyacademy.eCommerce_tc_4_Hybrid -->
