<?xml version="1.0" encoding="UTF-8"?>
<!-- Generated by org.testng.reporters.JUnitReportReporter -->
<testsuite skipped="0" hostname="MacBook-Pro.attlocal.net" name="org.rahulshettyacademy.IOSBasics" tests="1" failures="0" timestamp="05 Jul 2022 15:39:49 GMT" time="4.299" errors="0">
  <testcase name="IOSBasicsTest" time="4.299" classname="org.rahulshettyacademy.IOSBasics"/>
</testsuite> <!-- org.rahulshettyacademy.IOSBasics -->
